<?xml version="1.0" encoding="UTF-8"?>
<testng-results skipped="0" failed="0" total="1" passed="1">
  <reporter-output>
  </reporter-output>
  <suite name="baidu" duration-ms="11217" started-at="2018-04-12T02:00:41Z" finished-at="2018-04-12T02:00:53Z">
    <groups>
    </groups>
    <test name="Test1: test baidu search" duration-ms="11217" started-at="2018-04-12T02:00:41Z" finished-at="2018-04-12T02:00:53Z">
      <class name="com.company.testSuites.businessA.baiduSearch">
        <test-method status="PASS" signature="beforeSuite()[pri:0, instance:com.company.testSuites.businessA.baiduSearch@573f2bb1]" name="beforeSuite" is-config="true" duration-ms="30947" started-at="2018-04-12T10:00:11Z" finished-at="2018-04-12T10:00:41Z">
          <reporter-output>
          </reporter-output>
        </test-method> <!-- beforeSuite -->
        <test-method status="PASS" signature="test_baidu()[pri:0, instance:com.company.testSuites.businessA.baiduSearch@573f2bb1]" name="test_baidu" duration-ms="11174" started-at="2018-04-12T10:00:42Z" finished-at="2018-04-12T10:00:53Z">
          <reporter-output>
          </reporter-output>
        </test-method> <!-- test_baidu -->
        <test-method status="PASS" signature="afterSuite()[pri:0, instance:com.company.testSuites.businessA.baiduSearch@573f2bb1]" name="afterSuite" is-config="true" duration-ms="315" started-at="2018-04-12T10:00:53Z" finished-at="2018-04-12T10:00:53Z">
          <reporter-output>
          </reporter-output>
        </test-method> <!-- afterSuite -->
      </class> <!-- com.company.testSuites.businessA.baiduSearch -->
    </test> <!-- Test1: test baidu search -->
  </suite> <!-- baidu -->
</testng-results>
